{
  "RSpec": {
    "coverage": {
      "/Users/apprentice/Dropbox/DB_DriveOrNot/lib/transit.rb": [
        1,
        null,
        1,
        null,
        1,
        4,
        null,
        null,
        1,
        4,
        4,
        null,
        4,
        4,
        4,
        null,
        4,
        4,
        null,
        null,
        null,
        1,
        0,
        0,
        null,
        0,
        null,
        null,
        null,
        null,
        null
      ]
    },
    "timestamp": 1341879675
  }
}
